292469432473546896
-179925609864321720
-714291312267669823
-867956003650854454
-86146754078865414
-590841045522413876
-354392193218400414
-1134438395130928378
-255204124532250602
-674984891188448433
-75564471190419318
-107763154562956123
-268695904881344076
135113436899394583
-400393257662400469
-811515542885716650
-413317256999347340
835869731645630896
1447073406021325200
-94887131389669288
-281602577980194449
274794530271410512
43789618649864795
-309971391828683768
69091615647850814
-71405738470618896
137186273358515644
-664418121946529322
1007146454048595009
462251332111895058
-28381038508167078
-311488812448097804
-467158365179897582
561995679793934616
253233880848632785
518886652227396984
354883369066718796
90524223867801650
-515490618316202782
602517511255681131
-490591122950228040
185991087732321538
-561981396934770941
404688661748533580
-588309761820344476
-352390264562988469
-964207529970042808
862772497893910921
790505804830364100
-908133139782393404
-520418943499122905
74357378526542856
-767658552726131744
204370913006301672
609696530037632750
-762254797621098094
193117644840149862
-370738879623449491
116305226031537117
-499132714193508901
-474579254495868412
-493439387450919944
-95058265061639022
638930795444356540
-50376033753958259
302852798477984519
-69983727684626043
-11911161583947085
326162672624442207
-350980513316259888
693621979209019686
649545979979990234
83473722896356620
-113170631617751027
-135860198665317820
-628569303499874672
-341225313256091803
-102605020238811457
174547246103188074
94252487445283043
665754528763406474
-587577276725491674
1099819738495569128
-178418342271806154
746632222816185279
17575046916727698
253657339566441755
214929359135380078
25507467003313062
847663029067449080
527444768778665469
67764300596384205
547623198656126752
216518696149631375
-21451027901705201
-276009401971768487
383460380096294592
-682987049107112039
14928098184138943
-411514674489831874
-249714919041417657
-717233410648671768
136952294648304247
-606506818918435308
-286955687427870346
-650611105341770645
1221005967622302680
-647108469907494533
22952465017965334
-115851121588514230
412284825918012415
-340615554800282497
-98702997394012237
257724490975215995
880073727876750836
-228087222986071058
-419656450445261490
-1109189459847543018
131692124558888780
286497200509409854
527234603749806121
-79816771081492502
-228556556735079522
-657317944065206349
-209385530629793924
-139401559332920334
231673036480215315
-357124878344830064
-176948774185590083
428791368748876133
381386018440574218
4067774420433628
347184137109096813
-389680176281130536
-167944249144733871
1066634184016468041
142652823442666054
655311292151331880
-274610238628972639
-220556875558068960
-341168964015807228
-275004691697990424
729908328715509056
-122946015419479170
245363250283009888
-41218599091175320
350070282592079205
625785690680268999
1153869342167872029
-1541279635466133480
68274189239162554
-245020413802011098
-42161029582259609
-258016904580639845
-374191280312873492
-697879253304138192
548992715707236576
-450402024311860744
-36673765218837798
598627791824258947
38229326161939533
81932604027015196
-238551127658199880
-220288712070705385
149486874175594886
580400684759925200
422679382525436382
-881693216356594846
657317870370152416
151471322572937454
-201393888811137804
202517576101379973
601414122170579201
752036515597540326
-863911822674678911
-161290812390709396
-129937266899991531
-114093284183720499
-435521423948298871
659923073860702354
-356966111633583768
