477938614728776885
785942582160974052
766977753262028662
205702948986019518
409017336492143628
283020248435454550
649079097562631188
342207276682150792
405579864181048486
511480971009456528
1049435052550642954
70752553331131414
875478176942127272
245408760991135492
588847287462429162
22227737337464032
143246748211876722
118207830378544776
1088090800120210082
851203711983711868
1006178118263444134
1045771216562334636
315272343803233824
109505909300130619
1054683149754854774
170812372779751554
405923588153782766
789270663481557456
672525833756327985
173021112379336485
257868330788380038
474442206753860735
662882752691551047
314072178765640630
609892453064317642
392593713978973116
334354825069115692
547294603535568282
1560556971140021610
1090030867228875038
339597534493546335
662035266003053932
560484500239237749
271448820676538238
295438622760556009
114805998832760130
487853238702211953
417349193268174706
969339845843568942
483501393476036898
1354678268143896193
995070841722582692
522789970351371446
1222237810816397810
269585445041206138
825429247845659638
868400349621365316
321871553006919823
600461943048893140
831053299122351200
307944038366400905
334228137690476783
120846755527186388
850235360892447691
57106691740509335
480751524921414649
742999561294364512
13664562781634070
280302002132175529
82279068806634971
378782850590793166
894621712797363961
319461641749026772
504773893009139965
1250785105050001213
172842278938291329
685552449941386576
119734505937305517
586526782158225358
935657500929857546
1055492731213632294
534021049740288708
741669118033526476
245388440884313665
417438000410038481
969144141274961528
279371309642419993
617144981363401142
631045443273642949
152952708999750632
1145043407098350120
1182670544040184687
200646439719566898
411385130193179350
155488502406021177
266937062446376990
669254725637837659
448742476544029816
1033484188785077750
1326000229248881904
476195510792071108
551021870488414007
443814638511253846
1212446250782272574
677997373163620725
392085581612101394
181764223388196694
845073528066378509
368485044079518795
820276236457485792
137316052419798936
869591862408280288
656566330109228952
614825701504011288
566198225149244891
522883649531438962
197792611532297091
546832398669692686
551588727270130220
401433793239527090
595879096894224408
1353945093077254480
614702645507042696
489739277265749774
543890053858263984
949381483794548529
629329891093517300
184929315698766836
790620398002928137
1052865403632184648
384108133203125450
434867710872710289
923178514574031304
496955439262002547
1862746140973818456
470352840951000630
979535000351872952
1269611830163831259
656203634848577128
1289470987882089333
304645275969181570
891491001154342715
972954836746872260
476934240690595338
335629417191983226
254226579940001851
534055312528482892
332834591925913319
433575246981902700
258638455557623232
