142569918
111168175
162801683
80630196
81448103
91222941
105290099
130526258
167242879
101601988
104106913
135147004
160082329
131950848
85574918
86169391
156241312
48346012
98354645
54150536
18872048
93226137
61462107
94553345
110550083
69995593
105589185
83739227
92451791
116566411
100158071
98473389
119547748
99929030
179248510
115954323
156202310
84595946
109943125
107991351
44813869
143594549
113516827
31132463
126512734
168168876
123585582
126235055
136190630
121059493
69779370
81745755
139292978
62758401
83472894
76180792
184397514
93235739
50167600
56143623
118879423
173456864
125353417
95292896
52322238
140687025
76595907
140938077
109063702
77524836
130820016
61913002
91213450
84788847
64142984
137556846
73453147
19227305
96182976
74100139
171742280
140277617
63830377
61784631
63884949
31321262
158400509
123110406
79461113
162767038
151364246
49123527
99331782
65986177
126762898
136142758
19344825
75006307
64455180
28534842
144709136
95217224
146273907
91338941
111118476
93007221
134207448
22144181
53064056
26755825
107880118
76263234
146347676
100048135
111409943
161860124
123550239
66671521
95856251
150680915
126577622
20088099
61241300
104144784
43616774
35751269
182805185
89041912
51485019
96869095
142568739
46304811
193975354
148044629
60948886
85284173
61591105
136104771
154776332
100200431
148764108
58478461
115935774
148063068
138392723
68127850
17096617
123634685
75547614
62955232
121709650
52972840
30489432
59246678
89541136
89029728
103763813
129217961
24317014
121648857
105870512
121548581
146740537
35877666
61571976
161247434
32005418
137796455
147439268
107965412
109169983
70740559
138939204
108475738
98735846
57158135
105037881
112273558
38116401
93606905
71808182
114056310
119412121
123902863
48160397
47966805
88424235
197793344
136998897
109208607
182266205
75494969
160919976
95641660
102938404
164977439
78368513
71258734
64054823
142858000
