-504473500367173681
566222927779112723
-118325534804899716
-5909964298356178
464748271551070895
-918572390517761050
-691129912819366792
339134167149546087
478505758697432872
367300167248078510
84648244780925175
153598781216647122
321587434622588900
723574428563545774
264459669047577640
-1004530949064828134
-241804954004927096
-97018744372639602
726138130880268960
-340629347756341182
869738657473483626
-153798730990799351
218735226443306180
-540629670237396292
-271837950616257536
228009679895578364
-1386804364611565042
-853841866534725883
701095744673856728
-2152591881650575
144836120804787780
23402570674240035
-405676216919718911
500425684265558993
-1129276693096865439
-997923284743982676
-208890155357699410
-647821912811002352
-103371980869986628
-99003016795628040
-398896922760820216
729291735513756933
123298968228874446
97438754338589678
-37452090804518483
414477729388300916
18327695121555606
95891696910379202
24170408391515168
1017630811127972628
69051068496334519
-335823224727334944
777494808691305165
-187192983450628436
628325053185922420
-276654368471800111
-1221711057458684812
-796703669775106909
468107595853082923
-583434665286745926
-178402105823490987
388160425898381952
379316045090119641
-103172632038814130
331308448739512827
66839848069521271
-303660148833272864
826712489746674564
182156869308447608
-429183094430966982
-254617603182141270
227178141509672513
425336854775885904
-620945174151805760
-327355478289889636
586787746790541839
46348264155611805
-351214024838106447
151807852958022548
-352222149646083082
-369417811894516266
246710552889180944
-416133645477416020
266959880435258459
-124069919277593424
-329009546475678945
-175137255184442057
68712461401454158
385114130305143065
909643123870747356
116841506992173112
770914808834430725
849718900963056703
-663461035035195284
142319264889069857
280721247001356825
-54652911505778936
19214691004476864
1060135715333012699
-440674681691145402
-229531352543977552
-673974611275414030
-401350070135989661
210287809366131466
-260598709787819786
1409978410355925776
-580816128066549670
-524334876061001126
-383295596999267160
852756863727914230
-298165082796697553
3966514564433588
493106173682657240
-472146650489506481
-460016231111689595
453523069927606086
-227209070236107030
-483702522019167282
160291743530668241
133507648321157258
-464783952518763704
625000645089888930
-496040362367113292
572350991116590510
-298223931375748530
-115272696446392035
-312291304785554039
562957961402482956
629710166222115953
232392012824307345
88123012839237282
-352447866032578702
430649893242057806
-190783730899014395
-1303539545841521356
-377019170306608158
645573019190637139
604589839140717293
-90581908961074611
-256931885917044767
-360927009258017516
1602531315973362935
-725990272096622919
-163465264082069765
-262739149690849866
675365630569045576
-255918512267676968
-972607397079323372
32464855074020550
755350152453067425
468810017630281211
-209653970573469572
1064081318767757922
-530306945948206777
-459438178242378446
22793471565830839
942757794882646464
-438326111412181479
226123464057402614
-164068909617914675
-1130771164388845046
442054637241189649
254913664774538628
-818011448059297771
265021316234968072
-714154968393798543
141975931217591897
410811801101197842
533798788583643986
-631362073251749270
460006395139733248
2922994964382836
-948647378294678700
-323147844967944902
-668902715547341238
-1082511858682481434
70976961128512936
141882922383415099
702329281400982534
139636834994147460
-346741488451013297
-495066939990891200
-415475023333391322
-1315718461358827911
613248613593503130
