28721
18440626
-116348227
60584997
59846399
-25713587
10665394
8866145
98890305
-58925731
44780959
148822507
-49401919
46816577
-58262435
-56837654
176518819
-57937917
77146742
-15891807
-4350732
-20673215
85297730
17066832
44297630
72465939
21101597
18329098
30870710
-6922262
12820527
148077353
26779766
-72857249
2905783
62116446
-110912142
-85601312
29344573
19865037
79823541
-121469697
24164677
78532210
-121250425
66591214
-38316792
-27860473
-6271571
-54530121
-135825405
-36745508
-143323516
-35842670
116194148
86958665
103197708
3526776
121725733
47561435
151234307
82634393
-76215357
79343882
-128852336
-16739791
27503206
-90120094
-48837342
5146453
28327918
78193569
-57158017
-51976178
2163806
67951994
-95862656
-27178128
44326970
-71339675
-117615542
-120342747
59895040
-67323204
11099778
-15840197
-30661583
4442471
-74106726
-81553472
20886458
161904609
-33977513
-114339674
73215433
-31320973
79505686
74258737
34906595
-51340717
102669921
33614155
-14544946
-9917539
105923958
90546907
19844024
-9721032
12519149
7118779
162600664
12228571
-5880482
-124827832
104959000
82301331
-89749665
-20223627
33022463
-107892867
-12598349
80760345
-113549858
50702114
2629507
9942547
-94301754
-56356836
102968931
5481657
132931675
75606259
29722707
27279607
-120201082
92071843
-2390747
-82447433
-28405458
-86056745
31693113
-129776408
-127514605
-61036869
160561791
-178744891
-18059997
107228039
-43695475
-134271911
24335089
9359141
119323676
-161121787
-33222246
-23607604
-72552135
132914952
-127677711
42718974
-73765923
-90702934
-42150372
-1641615
-83593509
-54429574
-87863393
-23693897
38588956
-4030684
-32383741
-129114568
-87697867
-23075825
32307698
164099725
30864610
-38909346
-55164528
-5649935
25029829
104042023
146959749
69231755
114312601
-9414218
13544213
31250802
8316950
-89907032
42260453
66050056
-131109141
121764659
-137310486
-136080709
94841945
-6232765
28060823
144734852
