81336386456809309
-41321262648266166
-21743508229310910
39021095278921686
-263257546874502933
244622532600568936
-403383366624177803
31535681867457351
-87524923835947224
-1206772689747565338
96435198311879996
-333205192034805069
625086819137389215
-227508292012866018
39599312923772680
118712395006702486
-331280385747226866
324241666659014237
951207690659662410
-398680664987598533
-504977420855169450
-104649120460409240
-544006278206499
-228955899923052669
-114564052102023920
-87191963615512120
-703939667309707081
740580979986530240
877543161642898549
586542618764969276
-1047197979679183835
380783480848334133
-353844954167129705
-554392891970308680
-83609190839645738
1107437637728579796
-1076125634948927792
22097779516046934
-101208805711182180
3829840475699288
-276430689549844089
679022076985275801
135871487346686754
-277360785933339760
496107302698353056
-360024339133861344
-695502269341657130
120293085211404720
-278389387217732842
-476959862349690848
-524206960306610237
677519070282103240
-1073694097649778627
-1142171319407020268
241185351014196854
86467480015516757
-293844358931172225
23939107147101315
-9541429627367814
104390358544309007
459938509740692877
-32028776554425401
189493437412388996
-588610353760151000
926971735111540308
383753347126319627
97484356929843842
175593502666749292
23823824203077144
293184134328600656
-314146621947295781
-44492803834924779
113017859281775109
309848303501963740
23529413359989816
-94279117826819364
298424489820835004
-1010270561768758107
66958254684242554
19060103046907599
27316954827123902
-545336721452846433
-147809178003960672
213396783006214842
-731477516663596472
-744709769870106916
270976687280420162
-893062485722504999
-150103454787113655
108588304809179537
508427848445846835
409443428798264184
-260244056156544869
186420747246822468
-371878472683143556
356076781347332720
-119692024057958035
152570570482348734
-40728550157607563
178754468861145611
1317774084700505907
47430736696512660
-364713525080588391
-140880655251219294
-297544261979974206
437453794893814582
-708686031566637237
-100053754246208024
1042302290788051922
-182133123871319769
-188445899611313904
522634859029487642
-222414749255649144
-1604961361519372848
41175666269764883
574422210477741240
593793302187036672
-857188279778829396
-38770771866825353
91950559873756745
-250299392407150962
-506779390473942922
-247803864388196828
-171772536409091509
6835629086367493
461747481638343376
-135296824954947500
-686705351676743672
-585117340764561860
-222168824491247683
-1082218887535841130
906080853936928105
-460477995994271743
-219228177569025115
-429998221899652047
-368941816068799950
-1169363297111413051
-49160227956253630
682866927166559178
-652727089731335018
-54336783040245862
308706017003575960
397037104608274860
-635135455129300848
-157030849763278431
-574552831954741594
311708456844873430
19365936151106083
254946823103384526
-352900532121614286
-374591671570726785
813896418059826912
-48693667400043585
111312699436229511
207815133072402957
-839450235443522825
401354708453167150
-94385863755554424
-589517966660973803
-20521336352286986
418125221459481011
387361047549000768
-185988671600010666
-566703223755768169
-86600112380512022
-119238383200978287
274046130930516424
-280833512916032102
-685751812890011385
522652480141379276
-390276534208554727
-28749998685913165
-46179161817493711
-472272746053015561
231442397981599863
-118784309448891336
185459778706523130
-58550879567858998
855875821649960714
-99839159041516763
-864529404385277064
461397686653875273
-264026451885954940
202888346001079491
-937394029139699040
-540113264085293932
-663198791723914476
-124780885866976482
425579959831398340
744310461899520690
74202669597272668
72623147189679631
-233631709749628914
680735328195571215
872890129545087724
188057487854502400
-606747653142939679
29359444636562367
