133105818215394342
-817091167520286588
666134022634214586
-447371375743009880
23799269645749090
166355466825840188
-1051770203568928540
-1088967344770883341
-594832530007415017
-931920039167465560
-208986647283897068
680488165277802007
614605046988197916
-626653218852375047
1537609621146610056
-228568312668442092
831838003938791460
398313481612874690
-114253352920774902
-569741707420349808
-455412541118260251
-535016996807894390
447736765470194025
-115234616568486708
478231980330394370
-579238639016379865
-334285755617495134
342953372311054821
114598691286060077
-242236760101620790
253852670245280908
-239251927628379782
381468860667215784
-1155095087535950561
556128925549222036
-508858137233572331
-107620836560393417
-161701576631826643
471190692537069232
293095156473041313
-95988956151705897
-656734769231481105
-273663092610024713
-13017275899283603
-679579394438270119
695602756010347914
604021316583092061
-181803821228672257
-1431688282140313016
242493179822836863
299095348109365182
144543489721550912
-468956887167905430
-836441942108110855
16792544271631320
-408309288812350103
326036963688548436
-397131809015724171
-142699325945611301
-648918626607695906
309492037145921742
122220449477439125
-531882399958234453
-724116657521055237
-509956336060238964
231903896713557054
-198639670554953489
-64826319899481028
1452352162462677994
-655694226151398184
247243481168910270
80926752457634998
-731272443435970932
-376687157990940734
172000904892855858
-383906804683508274
935085764838760305
769485823234158735
-1120725682998884060
315573007764130176
97971918228552040
-231800050952419370
-1168655092956382147
-209537470640676397
-29639267304992403
226451489486287944
-458017699452458267
524037217778506999
-479370509039518134
778756730912947510
-396774081298674722
-121707389629842160
-683818788657991936
-150252430371079253
595916359562277899
364316158424036376
-207151544880541682
1045514469109688622
844810660042093371
-161353088927448682
-105177554841981780
-203378167270618971
272084180545893462
-156612354648941198
751889591268027608
-1204057813225154874
607781436302388916
-10028186638836967
240044276672135980
-617410478438326854
314768848221775932
1086231457004248232
248515261182810994
270062362156130313
977512177498837398
-117200457649267091
426296622129600278
-93941385521002734
252037888496593528
-896494306449396290
-981763762957172872
-335430078732246210
775525494865079352
770655479848650731
485130417574634004
889363907958520488
-121802324861867160
-455084355448751541
303287812152695844
-340767570245328085
-76548326788182346
510535388789269720
280282611292747088
-863821398175927236
-321913199331398448
-494125234832989151
568252840834724678
-271349374964749920
1534072287518778760
57757046523297950
656805239890361733
-536297342216231370
-939327706356966920
96285815597190408
-574498208875526564
-702739993787869234
-1305983333351071347
58201354295623166
667824429010885760
-396826139042878722
896004828349145686
312644841569152681
-725945263129782788
-41522182440461080
-63716757043298664
-167830345936882321
213085758869183098
565839918006228437
-349655633619968269
703551999888745348
-581326256667919490
-37894094215275815
-325415757595551206
54699595264097447
-706858328526238847
-401707745012079785
182177237883145388
-179447668302500679
-244890343190018723
737054467171598029
157478587915531694
357688462265977761
-12363444225148624
-885960466136801880
-175250867945115
-137116326280851821
145487668774292188
1130852278169654922
124453178803450042
215654547716572459
479193128512168329
684734936677168670
-157183148708580155
410833523796695419
-194930165071916244
-138195732069994805
99973321199650529
-1366616826214192630
536592417759860586
-152528062694230721
-97892177693097082
-459097126153553360
67452300689455806
722988719988300250
-772191270924617985
552060079300314058
1350322303254043330
