89217318
104548108
-118359851
-140028296
-66807120
-18416477
20550240
-131772710
-61334008
56380097
94045195
-19363514
-138614522
111232608
78314564
-166454247
-169653044
191309950
80034808
-2479145
44563119
1440695
-9205883
86766229
151590099
-10986376
-13561612
51021848
12512423
-37766621
16414201
-7150770
-101646188
-82014846
124773819
103384948
10284007
35308611
49473738
-49774178
-28499189
-27529698
-115996739
55199686
109657436
78246658
183876392
65906844
-54447361
45771680
-105629351
-42869470
-52538084
-1068629
85864217
-31282039
-21007092
-66596978
26297623
-49415582
-134562124
-80606122
-106063494
18188824
14077110
65594228
-51348504
66031456
127548025
-63551744
-57260872
22971529
-64455293
116451183
54063222
-12319091
13908078
14940760
92348169
70114341
-71142652
32558885
-106360107
-53930887
-27026015
55735914
-61285075
10004032
-20594081
-71937661
20652311
-137249694
-140235070
62753608
38564393
-71217696
21891294
18031485
-6345440
643928
-13570989
81340302
52869729
-32421859
96846082
136110128
-100339743
96346118
-75603396
14466962
77068489
-60789498
-101588437
-58246055
117926985
-32876889
8625450
71336483
64444817
84412406
64447128
-16805498
103821390
-124110721
-64762248
-18589805
-47976653
46043660
112060067
-58545661
43589752
-18685596
59943993
-41280404
103564948
-17906534
124348183
-57430323
73245121
12129461
-9383720
-40664420
-59383560
17400376
100841741
22159651
12244655
104378587
5672264
41889588
-27878770
-34377117
59006361
-55837022
22565112
-20021782
-61288881
35043930
-107950796
3245224
13317855
-108483217
156362611
55053679
-79945304
-118256524
128695287
175676219
