38353406
148192446
129984707
112030387
114044115
71807994
16535391
171503665
123166728
85727585
20955709
144241292
87852035
101847307
113352968
78701623
61402552
61959581
191963901
92942833
144121483
74709262
147155383
100582919
83145600
120328199
39573125
105468764
109303054
109472140
106068991
138927148
6081295
8361521
117017454
138044521
135030027
129269768
82079085
151823680
120823516
51090078
81389893
98336410
55765786
87680779
97419155
75454156
153136013
56440037
93838996
103164566
109734351
20687928
178443774
75822431
80223402
136360351
71986933
94302430
113186475
42235169
181526333
123184513
83313082
80367948
37478648
96550156
164908106
143899975
167194074
144204491
126429786
161006478
89559842
86083232
94031693
73831738
178607740
169569229
24973580
101867236
10371853
121743411
128581411
62813349
84209053
60148252
77109104
135990265
159722312
66427994
31829611
14457848
108978895
54575682
106281978
68754230
127568734
113216938
144911544
41269957
108015268
147926481
123669607
41048121
108055260
80536726
112723084
112293553
92955323
113040205
60599329
23878051
51570266
74447319
63088526
121787959
174491785
131746402
110035918
65981953
112655982
121158609
75207492
73002491
124627125
84897413
163672033
67702472
123586457
87358019
132400687
120725635
114517691
62270036
101292564
90560935
72978285
133559189
100491243
49797465
