224838878211539854
196143486449921211
236781190376597184
539449429511512424
261741911391811484
1207043339570306642
626638651914810066
655243157493112719
902845474998939786
442147606805377544
374500931050471924
357852437737952838
276085764536424780
46361546030994005
1000843962876032074
1625496554371726191
846552036531880383
278597150679391006
750502133534655324
403607382992666386
133607621273056744
132872900364813882
310102500758048285
795812240504575611
254269576688209091
623928590330708739
672471771310223242
367492082919729532
75669916095384302
1077968479980763245
399570424814941936
222025719590167584
533487603483486275
977851170369452061
206500293325127955
1071983513325572358
336832108335391184
329942848065128269
1136231890806045738
699707538192990844
1047712720375556199
388266564239060256
815189119066923754
59802236133075916
1947069441317143932
354472990068098007
567293461842775299
1125807631879756690
706940666996155789
689553092488220145
152711394610205622
523872941889001783
613956139080847100
647114889975570505
179712247341427274
637976355077383744
784768788860582148
513005169460602030
1585313614942916439
1033539101655273753
212397246269426972
1058036482517185096
750510195249005753
980441420637773031
14862165167651227
971585136301742562
98406306835076692
571427153072915617
284776880038595159
205409690991745620
799284513055632548
753985918048427333
278108195906201793
179115510339767368
637501372093867801
449083207718403386
664305764440526128
1093138378160036538
454644607709743742
860611570665202560
182632747566879279
136403727644259726
888050915864665330
255748836365139180
662972932516541750
1537215277317609103
457458214345570010
1126284270906458081
887924674064518344
807053714213614622
315490299856866048
570891445176789097
468984656459103460
520890432529377621
275102202142754799
596987309974064365
329380855783457185
1068709193701462195
98147601914513301
868648361656065986
1053194159367835368
979818300447104045
606549158083675736
557449602592922154
305719518239924484
282455527405090606
114355232902923570
368727201411932853
795377872477473069
225823642231489907
677354029563944310
888495008181046378
600242046310487830
676109246396242890
101939351182113464
1135113797889967541
1046052101636530912
49371876896195206
331434617617115025
223599776376994002
441471163698994831
729229831907647704
396244803604481280
1165766507116471038
1098523986739733716
316399424033621248
278835677059619152
174347639786142750
463809931811297345
271860827371228372
654709020703438343
993541067072218497
317471436160769198
371526682087362507
96181338347293120
1062268748507350718
132327171533773996
165024156070944566
467215577029499658
223813213729267673
1486968269533855991
529988808213035624
252863998823184042
604694781088202048
696972921855808501
939988020986392440
732848154425150202
951317231855741822
246052485199981338
288573602711576831
715683610525304121
228137797315545198
320029517716255581
151061855019565055
278968480247279114
1236869549165295110
358298417309963624
1372221111441523300
495607738578333868
612545993284683981
40491263718459570
1132707984609606774
176621616378859063
422221458525425840
506427830956096571
1091699694838486768
446131802522185761
863387904632173860
696079569606614760
997875413642828304
192393069041333518
68336405045219098
512112975668762706
742391064457438780
844236969300444319
311533720873765706
486552771087450845
839779768831067493
214723323144732771
420206421750318407
353141188593442047
146893583743373405
440148249306150886
401535309019659214
872071952364629695
855430789724856736
202331921543072646
516431491488932736
87236718076708912
1049249307216086744
359486621320735408
951326710661821594
849471135646332201
1061342399847241331
560089181445746540
1119144176256607916
578514181193564546
730666912375035597
166871026796087068
573667053259775072
